H:"XLOG",VER:"0001",MFR:"FUJIFILM",MDL:"X-T4",YNUM:"Y-056004",FWVER:"0212",MSN:"73c48df37843de4dccb447ebd1eb5a19cd4e2e82bc950e7a5ea57987b8872c99c4"
R:"POW-ON",GMT:"20250219100427",TC:35,TZ:"+0400",DST:"OFF"
R:"KY-KFN",GMT:"20250219100445",TC:1835,TZ:"+0400",DST:"OFF",KEY:"AEL_ON",FNC:"AEL"
R:"KY-KFN",GMT:"20250219100445",TC:1855,TZ:"+0400",DST:"OFF",KEY:"AEL_OFF",FNC:"AEL"
R:"STL-CP",GMT:"20250219100450",TC:2281,TZ:"+0400",DST:"OFF",AFA:"69",CLR:0,CCE:"OFF",CCB:"OFF",CS:"S",DR:"100_100",EPM:"A",FSM:"STD",FN:"280_280",ISO:"A(160_6400)_160",GE:"OS",HT:0,ST:0,SHP:0,IQL:"RAWF",ISZ:"L0302",SS:"A_A_1000_3000000",WB:"A_0_0",FCS:"AFC",AFM:"S",FL:30,FDR:11,FDC:0,FDS:0,FSZ:12424,CORT:270,ORT:"RT",DISP:"LCD",LNSM:"FUJIFILM\tXF30mmF2.8 R LM WR Macro",LNSPSR:"1b2bcb327bdcdac913b67a6a61804fd4836b3cef8ff1f0af8851a03229a05702",PFM:"BST",BST:"EVFF",TRI:"OFF",UNQID:"202502191004492248"
R:"MST-OF",GMT:"20250219100452",TC:2479,TZ:"+0400",DST:"OFF",DUR:258
R:"MPL-OF",GMT:"20250219100500",TC:3310,TZ:"+0400",DST:"OFF",DUR:89
R:"MST-OF",GMT:"20250219100504",TC:3673,TZ:"+0400",DST:"OFF",DUR:45
R:"MMN-OF",GMT:"20250219100511",TC:4443,TZ:"+0400",DST:"OFF",DUR:75
R:"KY-KFN",GMT:"20250219100518",TC:5110,TZ:"+0400",DST:"OFF",KEY:"AEL_ON",FNC:"AEL"
R:"KY-KFN",GMT:"20250219100518",TC:5130,TZ:"+0400",DST:"OFF",KEY:"AEL_OFF",FNC:"AEL"
R:"KY-KFN",GMT:"20250219100533",TC:6572,TZ:"+0400",DST:"OFF",KEY:"AEL_ON",FNC:"AEL"
R:"KY-KFN",GMT:"20250219100533",TC:6588,TZ:"+0400",DST:"OFF",KEY:"AEL_OFF",FNC:"AEL"
R:"MST-OF",GMT:"20250219100537",TC:6986,TZ:"+0400",DST:"OFF",DUR:268
R:"MPL-OF",GMT:"20250219100545",TC:7772,TZ:"+0400",DST:"OFF",DUR:84
R:"MST-OF",GMT:"20250219100548",TC:8153,TZ:"+0400",DST:"OFF",DUR:37
R:"STL-CP",GMT:"20250219100549",TC:8165,TZ:"+0400",DST:"OFF",AFA:"58",CLR:0,CCE:"OFF",CCB:"OFF",CS:"S",DR:"100_100",EPM:"A",FSM:"STD",FN:"280_280",ISO:"A(160_6400)_160",GE:"OS",HT:0,ST:0,SHP:0,IQL:"RAWF",ISZ:"L0302",SS:"A_A_1000_70000",WB:"A_0_0",FCS:"AFC",AFM:"S",FL:30,FDR:13,FDC:0,FDS:0,FSZ:36044,CORT:0,ORT:"TL",DISP:"LCD",LNSM:"FUJIFILM\tXF30mmF2.8 R LM WR Macro",LNSPSR:"1b2bcb327bdcdac913b67a6a61804fd4836b3cef8ff1f0af8851a03229a05702",PFM:"BST",BST:"EVFF",TRI:"OFF",UNQID:"202502191005488108"
R:"MPL-OF",GMT:"20250219100552",TC:8499,TZ:"+0400",DST:"OFF",DUR:41
R:"MST-OF",GMT:"20250219100557",TC:9048,TZ:"+0400",DST:"OFF",DUR:53
R:"LNS-OF",GMT:"20250219100557",TC:9048,TZ:"+0400",DST:"OFF",LNSM:"FUJIFILM\tXF30mmF2.8 R LM WR Macro",LNSPSR:"93fcbb337bdcdaca23b6ec6b6181fe049373adef9bf1f1af8852a3422aa0532a",DUR:909
R:"POW-OF",GMT:"20250219100557",TC:9048,TZ:"+0400",DST:"OFF",DUR:909
H:"XLOG",VER:"0001",MFR:"FUJIFILM",MDL:"X-T4",YNUM:"Y-056004",FWVER:"0212",MSN:"73c48df37843de4dccb447ebd1eb5a19cd4e2e82bc950e7a5ea57987b8872c99c4"
R:"POW-ON",GMT:"20250219165726",TC:35,TZ:"+0400",DST:"OFF"
R:"MST-OF",GMT:"20250219165727",TC:134,TZ:"+0400",DST:"OFF",DUR:19
R:"MMN-OF",GMT:"20250219165810",TC:4431,TZ:"+0400",DST:"OFF",DUR:434
R:"MST-OF",GMT:"20250219165820",TC:5457,TZ:"+0400",DST:"OFF",DUR:100
R:"MMN-OF",GMT:"20250219165834",TC:6850,TZ:"+0400",DST:"OFF",DUR:145
R:"STL-CP",GMT:"20250219165904",TC:9838,TZ:"+0400",DST:"OFF",AFA:"58",CLR:0,CCE:"OFF",CCB:"OFF",CS:"S",DR:"100_100",EPM:"A",FSM:"STD",FN:"280_280",ISO:"A(160_6400)_1250",GE:"OS",HT:0,ST:0,SHP:0,IQL:"RAWF",ISZ:"L0302",SS:"A_A_1000_30000",WB:"A_0_0",FCS:"AFC",AFM:"S",FL:30,FDR:18,FDC:0,FDS:0,FSZ:43629,CORT:0,ORT:"TL",DISP:"LCD",LNSM:"FUJIFILM\tXF30mmF2.8 R LM WR Macro",LNSPSR:"1b2bcb327bdcdac913b67a6a61804fd4836b3cef8ff1f0af8851a03229a05702",PFM:"BST",BST:"EVFF",TRI:"OFF",UNQID:"202502191659039767"
R:"STL-CP",GMT:"20250219165909",TC:10337,TZ:"+0400",DST:"OFF",AFA:"58",CLR:0,CCE:"OFF",CCB:"OFF",CS:"S",DR:"100_100",EPM:"A",FSM:"STD",FN:"280_280",ISO:"A(160_6400)_1250",GE:"OS",HT:0,ST:0,SHP:0,IQL:"RAWF",ISZ:"L0302",SS:"A_A_1000_30000",WB:"A_0_0",FCS:"AFC",AFM:"S",FL:30,FDR:16,FDC:0,FDS:0,FSZ:43209,CORT:0,ORT:"TL",DISP:"LCD",LNSM:"FUJIFILM\tXF30mmF2.8 R LM WR Macro",LNSPSR:"1b2bcb327bdcdac913b67a6a61804fd4836b3cef8ff1f0af8851a03229a05702",PFM:"BST",BST:"EVFF",TRI:"OFF",UNQID:"2025021916590810262"
R:"MST-OF",GMT:"20250219165920",TC:11432,TZ:"+0400",DST:"OFF",DUR:467
R:"MPL-OF",GMT:"20250219165927",TC:12103,TZ:"+0400",DST:"OFF",DUR:75
R:"MMN-OF",GMT:"20250219165928",TC:12255,TZ:"+0400",DST:"OFF",DUR:14
R:"LNS-OF",GMT:"20250219165928",TC:12263,TZ:"+0400",DST:"OFF",LNSM:"FUJIFILM\tXF30mmF2.8 R LM WR Macro",LNSPSR:"93fcbb337bdcdaca23b6ec6b6181fe049373adef9bf1f1af8852a3422aa0532a",DUR:1224
R:"POW-OF",GMT:"20250219165928",TC:12263,TZ:"+0400",DST:"OFF",DUR:1224
